make.exe all --print-data-base --no-builtin-variables --no-builtin-rules --question
# GNU Make 3.82.90
# Built for i686-pc-mingw32
# Copyright (C) 1988-2012 Free Software Foundation, Inc.
# License GPLv3+: GNU GPL version 3 or later <http://gnu.org/licenses/gpl.html>
# This is free software: you are free to change and redistribute it.
# There is NO WARRANTY, to the extent permitted by law.
 

# Make data base, printed on Sun Jul 24 21:27:24 2022

# Variables

# automatic
<D = $(patsubst %/,%,$(patsubst %\,%,$(dir $<)))
# automatic
?F = $(notdir $?)
# default
.SHELLFLAGS := -c
# makefile (from 'Makefile', line 115)
SRC := src/ 
# makefile
MAKEFLAGS = Rrqp
# automatic
?D = $(patsubst %/,%,$(patsubst %\,%,$(dir $?)))
# makefile (from 'Makefile', line 145)
INCLUDES := -Iinclude
# automatic
@D = $(patsubst %/,%,$(patsubst %\,%,$(dir $@)))
# environment
HOMEDRIVE = C:
# automatic
@F = $(notdir $@)
#  
automatic
^D = $(patsubst %/,%,$(patsubst %\,%,$(dir $^)))
# makefile
CURDIR := e:/OpenGL/Projects/OpenGLForVSCode
# default
SHELL := sh.exe
# makefile (from 'Makefile', line 131)
RM := del /q a/f
# environment
WINDIR = C:\Windows
# environment
VSCODE_NLS_CONFIG = {"locale":"zh-cn","availableLanguages":{"*":"zh-cn"},"_languagePackId":"1d735750dbb1b9066c7513078396ba0f.zh-cn","_translationsConfigFile":"C:\\Users\\honghao\\AppData\\Roaming\\Code\\clp\\1d735750dbb1b9066c7513078396ba0f.zh-cn\\tcf.json","_cacheRoot":"C:\\Users\\honghao\\AppData\\Roaming\\Code\\clp\\1d735750dbb1b9066c7513078396ba0f.zh-cn","_resolvedLanguagePackCoreLocation":"C:\\Users\\honghao\\AppData\\Roaming\\Code\\clp\\1d735750dbb1b9066c7513078396ba0f.zh-cn\\3b889b090b5ad5793f524b5d1d39fda662b96a2a","_corruptedFile":"C:\\Users\\honghao\\AppData\\Roaming\\Code\\clp\\1d735750dbb1b9066c7513078396ba0f.zh-cn\\corrupted.info","_languagePackSupport":true}
# environment
ONEDRIVE = C:\Users\honghao\OneDrive
# environment
PATHEXT = .COM;.EXE;.BAT;.CMD;.VBS;.VBE;.JS;.JSE;.WSF;.WSH;.MSC
# makefile (from 'Makefile', line 1)
MAKEFILE_LIST :=  Makefile
# environment
TMP = C:\Users\honghao\AppData\Local\Temp
# makefile (from 'Makefile', line 153)
SOURCES :=  include/imgui/imgui_impl_glfw.cpp include/imgui/imgui_impl_opengl3.cpp include/imgui/imgui.cpp include/imgui/imgui_draw.cpp include/imgui/imgui_widgets.cpp
# makefile (from 'Makefile', line 104)
CXXFLAGS := -std=c++17 -Wall -Wextra -g
# environment
PROGRAMW6432 = C:\Program Files
# environment
PROGRAMDATA = C:\ProgramData
# environment
VSCODE_CWD = C:\Users\honghao\AppData\Local\Programs\Microsoft VS Code
# environment
PATH = C:\Windows\system32;C:\Windows;C:\Windows\System32\Wbem;C:\Windows\System32\WindowsPowerShell\v1.0\;C:\Windows\System32\OpenSSH\;C:\Program Files (x86)\NVIDIA Corporation\PhysX\Common;C:\Program Files\NVIDIA Corporation\NVIDIA NvDLISR;C:\MinGW\bin;C:\Program Files\MiKTeX\miktex\bin\x64\;C:\Program Files\Git\cmd;C:\Users\honghao\AppData\Local\Microsoft\WindowsApps;C:\Users\honghao\AppData\Local\Programs\Microsoft VS Code\bin;C:\MinGW\bin;
# environment
COMMONPROGRAMW6432 = C:\Program Files\Common Files
# makefile (from 'Makefile', line 132)
MD := mkdir
# makefile (from 'Makefile', line 116)
CLEAN_SRC := src//*.o 
# environment
PROCESSOR_ARCHITECTURE = x86
# environment
USERPROFILE = C:\Users\honghao
# environment
ALLUSERSPROFILE = C:\ProgramData
# makefile (from 'Makefile', line 129)
LIBDIRS := lib
# environment
NUMBER_OF_PROCESSORS = 8
# environment
ELECTRON_RUN_AS_NODE = 1
# makefile (from 'Makefile', line 122)
LIB := lib
# default
.FEATURES := target-specific order-only second-expansion else-if shortest-stem undefine oneshell archives jobserver
# automatic
%F = $(notdir $%)
# environment
CHROME_CRASHPAD_PIPE_NAME = \\.\pipe\crashpad_4244_CSFNEFSGFABPYMMO
# environment
COMPUTERNAME = DESKTOP-BTFL4EB
# environment
PROGRAMFILES = C:\Program Files (x86)
# makefile (from 'Makefile', line 164)
OUTPUTMAIN := output/main.exe
# environment
DRIVERDATA = C:\Windows\System32\Drivers\DriverData
# environment
ORIGINAL_XDG_CURRENT_DESKTOP = undefined
# environment
USERNAME = honghao
# environment
PUBLIC = C:\Users\Public
# environment
VSCODE_AMD_ENTRYPOINT = vs/workbench/api/node/extensionHostProcess
# environment
VSCODE_CODE_CACHE_PATH = C:\Users\honghao\AppData\Roaming\Code\CachedData\3b889b090b5ad5793f524b5d1d39fda662b96a2a
# environment
APPLICATION_INSIGHTS_NO_DIAGNOSTIC_CHANNEL = true
# environment
COMMONPROGRAMFILES = C:\Program Files (x86)\Common Files
# environment
LOGONSERVER = \\DESKTOP-BTFL4EB
# makefile (from 'Makefile', line 128)
INCLUDEDIRS := include
# environment
VSCODE_HANDLES_UNCAUGHT_ERRORS = true
# environment
USERDOMAIN = DESKTOP-BTFL4EB
# environment
MAKELEVEL := 0
# default
MAKE = $(MAKE_COMMAND)
# default
MAKECMDGOALS := all
# makefile (from 'Makefile', line 130)
FIXPATH = $(subst /,/,$1)
# default
MAKE_VERSION := 3.82.90
# makefile
.DEFAULT_GOAL := all
# makefile (from 'Makefile', line 119)
INCLUDE := include
# makefile (from 'Makefile', line 127)
SOURCEDIRS := src/ 
# environment
PROGRAMFILES(X86) = C:\Program Files (x86)
# automatic
%D = $(patsubst %/,%,$(patsubst %\,%,$(dir $%)))
# makefile (from 'Makefile', line 109)
LFLAGS = 
# environment
LOCALAPPDATA = C:\Users\honghao\AppData\Local
# environment
PSMODULEPATH = C:\Program Files\WindowsPowerShell\Modules;C:\Windows\system32\WindowsPowerShell\v1.0\Modules
# default
MAKE_COMMAND := make.exe
# environment
PROCESSOR_ARCHITEW6432 = AMD64
# default
.VARIABLES := 
# automatic
*F = $(notdir $*)
# environment
PROCESSOR_IDENTIFIER = Intel64 Family 6 Model 158 Stepping 9, GenuineIntel
# environment
OS = Windows_NT
# environment
VSCODE_IPC_HOOK = \\.\pipe\011133b365a42c9cb9167ed8a412c20f-1.69.2-main-sock
# environment
HOMEPATH = \Users\honghao
# environment
COMMONPROGRAMFILES(X86) = C:\Program Files (x86)\Common Files
# environment
PROMPT = $P$G
# environment
MFLAGS = -Rrqp
# automatic
*D = $(patsubst %/,%,$(patsubst %\,%,$(dir $*)))
# makefile (from 'Makefile', line 126)
MAIN := main.exe
# environment
SYSTEMROOT = C:\Windows
# automatic
+D = $(patsubst %/,%,$(patsubst %\,%,$(dir $+)))
# automatic
+F = $(notdir $+)
# environment
APPDATA = C:\Users\honghao\AppData\Roaming
# environment
TEMP = C:\Users\honghao\AppData\Local\Temp
# environment
COMSPEC = C:\Windows\system32\cmd.exe
# makefile (from 'Makefile', line 112)
OUTPUT := output
# default
MAKEFILES := 
# automatic
<F = $(notdir $<)
# makefile (from 'Makefile', line 101)
CXX = g++
# environment
LC_ALL = C
# makefile (from 'Makefile', line 125)
LIBRARIES := -lglad -lglfw3dll -llibassimp
# makefile (from 'Makefile', line 148)
LIBS := -Llib
# automatic
^F = $(notdir $^)
# default
SUFFIXES := 
# environment
SYSTEMDRIVE = C:
# environment
SESSIONNAME = Console
# environment
PROCESSOR_REVISION = 9e09
# default
.INCLUDE_DIRS = C:/MinGW/include
# default
.RECIPEPREFIX := 
# makefile (from 'Makefile', line 156)
OBJECTS := include/imgui/imgui_impl_glfw.o include/imgui/imgui_impl_opengl3.o include/imgui/imgui.o include/imgui/imgui_draw.o include/imgui/imgui_widgets.o
# environment
LANG = C
# environment
PROCESSOR_LEVEL = 6
# environment
VSCODE_PID = 4244
# environment
USERDOMAIN_ROAMINGPROFILE = DESKTOP-BTFL4EB
# variable set hash-table stats:
# Load=105/1024=10%, Rehash=0, Collisions=13/158=8%

# Pattern-specific Variable Values

# No pattern-specific variable values.

# Directories

# C:\Program Files\NVIDIA Corporation\NVIDIA NvDLISR (key C:/Program Files/NVIDIA Corporation/NVIDIA NvDLISR, mtime 1657687178): 5 files, no impossibilities.
# C:\Windows\System32\WindowsPowerShell\v1.0\ (key C:/Windows/System32/WindowsPowerShell/v1.0/, mtime 1529439359): 31 files, no impossibilities.
# . (key e:/OpenGL/Projects/OpenGLForVSCode, mtime 1658665481): 12 files, no impossibilities.
# C:\Program Files\MiKTeX\miktex\bin\x64\ (key C:/Program Files/MiKTeX/miktex/bin/x64/, mtime 1658056788): 673 files, no impossibilities.
# C:\Program Files\Git\cmd (key C:/Program Files/Git/cmd, mtime 1658662964): 8 files, no impossibilities.
# C:\Windows\System32\OpenSSH\: could not be stat'd.
# C:\MinGW\bin (key C:/MinGW/bin, mtime 1657693024): 58 files, no impossibilities.
# C:\Program Files (x86)\NVIDIA Corporation\PhysX\Common (key C:/Program Files (x86)/NVIDIA Corporation/PhysX/Common, mtime 1657687162): 10 files, no impossibilities.
# C:\Windows (key C:/Windows, mtime 1658666073): 113 files, no impossibilities.
# src/ (key e:/OpenGL/Projects/OpenGLForVSCode/src/, mtime 1658665479): 8 files, no impossibilities.
# C:\Windows\System32\Wbem (key C:/Windows/System32/Wbem, mtime 1657879928): 175 files, no impossibilities.
# C:\Users\honghao\AppData\Local\Microsoft\WindowsApps (key C:/Users/honghao/AppData/Local/Microsoft/WindowsApps, mtime 1657880293): 4 files, no impossibilities.
# C:\Windows\system32 (key C:/Windows/system32, mtime 1658157443): 2963 files, no impossibilities.
# C:\Users\honghao\AppData\Local\Programs\Microsoft VS Code\bin (key C:/Users/honghao/AppData/Local/Programs/Microsoft VS Code/bin, mtime 1658664928): 4 files, no impossibilities.

# 4064 files, no impossibilities in 14 directories.

# Implicit Rules

# No implicit rules.

# Files

all: output main.exe
#  Command line target.
#  Implicit rule search has not been done.
#  File does not exist.
#  File has been updated.
#  Needs to be updated (-q is set).
# variable set hash-table stats:
# Load=0/32=0%, Rehash=0, Collisions=0/11=0%
#  recipe to execute (from 'Makefile', line 167):
	@echo Executing 'all' complete!

.PHONY: clean
#  Implicit rule search has not been done.
#  Modification time never checked.
#  File has not been updated.

# Not a target:
include/imgui/imgui_widgets.o:
#  Implicit rule search has been done.
#  Last modified 2022-07-15 16:30:36
#  File has been updated.
#  Successfully updated.

# Not a target:
include/imgui/imgui_draw.o:
#  Implicit rule search has been done.
#  Last modified 2022-07-15 16:30:34
#  File has been updated.
#  Successfully updated.

main.exe: include/imgui/imgui_impl_glfw.o include/imgui/imgui_impl_opengl3.o include/imgui/imgui.o include/imgui/imgui_draw.o include/imgui/imgui_widgets.o
#  Implicit rule search has not been done.
#  Implicit/static pattern stem: ''
#  File does not exist.
#  File has been updated.
#  Needs to be updated (-q is set).
# automatic
# @ := main.exe
# automatic
# % := 
# automatic
# * := 
# automatic
# + := include/imgui/imgui_impl_glfw.o include/imgui/imgui_impl_opengl3.o include/imgui/imgui.o include/imgui/imgui_draw.o include/imgui/imgui_widgets.o
# automatic
# | := 
# automatic
# < := include/imgui/imgui_impl_glfw.o
# automatic
# ^ := include/imgui/imgui_impl_glfw.o include/imgui/imgui_impl_opengl3.o include/imgui/imgui.o include/imgui/imgui_draw.o include/imgui/imgui_widgets.o
# automatic
# ? := include/imgui/imgui_impl_glfw.o include/imgui/imgui_impl_opengl3.o include/imgui/imgui.o include/imgui/imgui_draw.o include/imgui/imgui_widgets.o
# variable set hash-table stats:
# Load=8/32=25%, Rehash=0, Collisions=2/19=11%
#  recipe to execute (from 'Makefile', line 173):
	$(CXX) $(CXXFLAGS) $(INCLUDES) -o $(OUTPUTMAIN) $(OBJECTS) $(LFLAGS) $(LIBS) $(LIBRARIES)

# Not a target:
.SUFFIXES:
#  Implicit rule search has not been done.
#  Modification time never checked.
#  File has not been updated.

# Not a target:
Makefile:
#  Implicit rule search has been done.
#  Last modified 2022-07-15 16:30:24
#  File has been updated.
#  Successfully updated.

# Not a target:
.DEFAULT:
#  Implicit rule search has not been done.
#  Modification time never checked.
#  File has not been updated.

run: all
#  Implicit rule search has not been done.
#  Modification time never checked.
#  File has not been updated.
#  recipe to execute (from 'Makefile', line 189):
	./$(OUTPUTMAIN) src/$(dir)/
	@echo Executing 'run: all' complete!

.cpp.o:
#  Implicit rule search has not been done.
#  Modification time never checked.
#  File has not been updated.
#  recipe to execute (from 'Makefile', line 180):
	$(CXX) $(CXXFLAGS) $(INCLUDES) -c $<  -o $@

clean:
#  Phony target (prerequisite of .PHONY).
#  Implicit rule search has not been done.
#  File does not exist.
#  File has not been updated.
#  recipe to execute (from 'Makefile', line 184):
	$(RM) $(OUTPUTMAIN)
	$(RM) $(call FIXPATH,$(CLEAN_SRC))
	@echo Cleanup complete!

# Not a target:
include/imgui/imgui_impl_opengl3.o:
#  Implicit rule search has been done.
#  Last modified 2022-07-15 16:30:30
#  File has been updated.
#  Successfully updated.

output:
#  Implicit rule search has not been done.
#  Last modified 2022-07-24 20:24:39
#  File has been updated.
#  Successfully updated.
#  recipe to execute (from 'Makefile', line 170):
	$(MD) $(OUTPUT)

# Not a target:
include/imgui/imgui_impl_glfw.o:
#  Implicit rule search has been done.
#  Last modified 2022-07-15 16:30:30
#  File has been updated.
#  Successfully updated.

# Not a target:
include/imgui/imgui.o:
#  Implicit rule search has been done.
#  Last modified 2022-07-15 16:30:32
#  File has been updated.
#  Successfully updated.

# files hash-table stats:
# Load=15/1024=1%, Rehash=0, Collisions=0/39=0%
# VPATH Search Paths

# No 'vpath' search paths.

# No general ('VPATH' variable) search path.

# strcache buffers: 8 (7) / strings = 3988  
/ storage = 59874 B / avg = 15 B
# current buf: size = 8174 B / used = 2703 B / count = 195 / avg = 13 B
# other used: total = 51700 B / count = 3793 / avg = 13 B
# other free: total = 47 B / max = 14 B / min = 1 B / avg = 6 B

# strcache performance: lookups = 4108 / hit rate = 2%
# hash-table stats:
# Load=3988/8192=49%, Rehash=0, Collisions=1622/4108=39%
# Finished Make data base on Sun Jul 24 21:27:24 2022

 
